<?xml version="1.0" encoding="UTF-8"?>
<!-- Generated by org.testng.reporters.JUnitReportReporter -->
<testsuite hostname="DESKTOP-NQPMB8D" failures="0" tests="2" name="tests.LoginTest" time="1.841" errors="0" timestamp="2021-06-08T00:23:08 CDT" skipped="0">
  <testcase classname="tests.LoginTest" name="setup" time="1.603"/>
  <system-out/>
  <testcase classname="tests.LoginTest" name="test_login_happyPath" time="0.238"/>
  <system-out/>
</testsuite> <!-- tests.LoginTest -->
